2019-05-01 12:43:18,349 [Worker-0] INFO  o.e.m.c.i.l.LifecycleMappingFactory - Using org.eclipse.m2e.jdt.JarLifecycleMapping lifecycle mapping for MavenProject: Pds2018-2019:EHPADDecision:0.0.1-SNAPSHOT @ D:\Divers\PdsIng1\Ehpaddecision\target\classes\pom.xml.
2019-05-01 12:43:21,771 [Worker-0] INFO  o.e.m.c.i.embedder.EclipseLogger - Using 'UTF-8' encoding to copy filtered resources.
2019-05-01 12:43:21,771 [Worker-0] INFO  o.e.m.c.i.embedder.EclipseLogger - skip non existing resourceDirectory D:\Divers\PdsIng1\Ehpaddecision\target\classes\src\main\resources
2019-05-01 12:43:22,168 [Worker-7] INFO  o.e.m.c.i.l.LifecycleMappingFactory - Using org.eclipse.m2e.jdt.JarLifecycleMapping lifecycle mapping for MavenProject: Pds2018-2019:EHPADDecision:0.0.1-SNAPSHOT @ D:\Divers\PdsIng1\Ehpaddecision\target\classes\pom.xml.
2019-05-01 12:43:22,169 [Worker-0] INFO  o.e.m.c.i.embedder.EclipseLogger - Using 'UTF-8' encoding to copy filtered resources.
2019-05-01 12:43:22,170 [Worker-0] INFO  o.e.m.c.i.embedder.EclipseLogger - skip non existing resourceDirectory D:\Divers\PdsIng1\Ehpaddecision\target\classes\src\test\resources
2019-05-01 12:43:27,916 [Worker-7] INFO  o.e.m.c.i.l.LifecycleMappingFactory - Using org.eclipse.m2e.jdt.JarLifecycleMapping lifecycle mapping for MavenProject: fr.esipe.pds.ehpaddecision:ehpaddecisionCl:0.0.1-SNAPSHOT @ D:\Divers\PdsIng1\Ehpaddecision\ehpaddecisionClientUI\pom.xml.
2019-05-01 12:43:27,918 [Worker-2] INFO  o.e.m.c.i.l.LifecycleMappingFactory - Using org.eclipse.m2e.jdt.JarLifecycleMapping lifecycle mapping for MavenProject: fr.esipe.pds.ehpaddecision:ehpaddecisionCl:0.0.1-SNAPSHOT @ D:\Divers\PdsIng1\Ehpaddecision\ehpaddecisionClientUI\pom.xml.
2019-05-01 12:43:28,794 [Worker-2] WARN  o.e.m.c.i.embedder.EclipseLogger - Using platform encoding (Cp1252 actually) to copy filtered resources, i.e. build is platform dependent!
2019-05-01 12:43:28,831 [Worker-2] INFO  o.e.m.c.i.embedder.EclipseLogger - Copying 1 resource
2019-05-01 12:43:28,840 [Worker-2] WARN  o.e.m.c.i.embedder.EclipseLogger - Using platform encoding (Cp1252 actually) to copy filtered resources, i.e. build is platform dependent!
2019-05-01 12:43:28,847 [Worker-2] INFO  o.e.m.c.i.embedder.EclipseLogger - Copying 1 resource
2019-05-01 12:43:29,264 [Worker-10] INFO  o.e.m.c.i.l.LifecycleMappingFactory - Using org.eclipse.m2e.jdt.JarLifecycleMapping lifecycle mapping for MavenProject: fr.esipe.pds.ehpaddecision:ehpaddecisionServ:0.0.1-SNAPSHOT @ D:\Divers\PdsIng1\Ehpaddecision\ehpaddecisionServ\pom.xml.
2019-05-01 12:43:29,650 [Worker-10] WARN  o.e.m.c.i.embedder.EclipseLogger - Using platform encoding (Cp1252 actually) to copy filtered resources, i.e. build is platform dependent!
2019-05-01 12:43:29,664 [Worker-10] INFO  o.e.m.c.i.embedder.EclipseLogger - Copying 4 resources
2019-05-01 12:43:29,667 [Worker-10] WARN  o.e.m.c.i.embedder.EclipseLogger - Using platform encoding (Cp1252 actually) to copy filtered resources, i.e. build is platform dependent!
2019-05-01 12:43:29,679 [Worker-10] INFO  o.e.m.c.i.embedder.EclipseLogger - Copying 0 resource
2019-05-01 12:43:30,129 [Worker-10] INFO  o.e.m.c.i.l.LifecycleMappingFactory - Using org.eclipse.m2e.jdt.JarLifecycleMapping lifecycle mapping for MavenProject: fr.esipe.pds.ehpaddecision:ehpaddecisionUmlandSQL:0.0.1-SNAPSHOT @ D:\Divers\PdsIng1\Ehpaddecision\ehpaddecisionUmlandSQL\pom.xml.
2019-05-01 12:43:30,407 [Worker-10] WARN  o.e.m.c.i.embedder.EclipseLogger - Using platform encoding (Cp1252 actually) to copy filtered resources, i.e. build is platform dependent!
2019-05-01 12:43:30,416 [Worker-10] INFO  o.e.m.c.i.embedder.EclipseLogger - Copying 2 resources
2019-05-01 12:43:30,425 [Worker-10] WARN  o.e.m.c.i.embedder.EclipseLogger - Using platform encoding (Cp1252 actually) to copy filtered resources, i.e. build is platform dependent!
2019-05-01 12:43:30,434 [Worker-10] INFO  o.e.m.c.i.embedder.EclipseLogger - Copying 0 resource
2019-05-01 12:43:32,099 [Worker-6] INFO  o.e.m.c.i.l.LifecycleMappingFactory - Using org.eclipse.m2e.jdt.JarLifecycleMapping lifecycle mapping for MavenProject: Pds2018-2019:EHPADDecision:0.0.1-SNAPSHOT @ D:\Divers\PdsIng1\Ehpaddecision\target\classes\pom.xml.
2019-05-01 12:43:32,355 [Worker-2] WARN  o.e.m.c.i.embedder.EclipseLogger - Using platform encoding (Cp1252 actually) to copy filtered resources, i.e. build is platform dependent!
2019-05-01 12:43:32,366 [Worker-2] INFO  o.e.m.c.i.embedder.EclipseLogger - Copying 2 resources
2019-05-01 12:43:32,655 [Worker-6] INFO  o.e.m.c.i.l.LifecycleMappingFactory - Using org.eclipse.m2e.jdt.JarLifecycleMapping lifecycle mapping for MavenProject: fr.esipe.pds.ehpaddecision:ehpaddecisionCl:0.0.1-SNAPSHOT @ D:\Divers\PdsIng1\Ehpaddecision\ehpaddecisionClientUI\pom.xml.
2019-05-01 12:43:32,655 [Worker-2] WARN  o.e.m.c.i.embedder.EclipseLogger - Using platform encoding (Cp1252 actually) to copy filtered resources, i.e. build is platform dependent!
2019-05-01 12:43:32,665 [Worker-2] INFO  o.e.m.c.i.embedder.EclipseLogger - Copying 0 resource
2019-05-01 12:43:32,900 [Worker-6] INFO  o.e.m.c.i.l.LifecycleMappingFactory - Using org.eclipse.m2e.jdt.JarLifecycleMapping lifecycle mapping for MavenProject: fr.esipe.pds.ehpaddecision:ehpaddecisionServ:0.0.1-SNAPSHOT @ D:\Divers\PdsIng1\Ehpaddecision\ehpaddecisionServ\pom.xml.
2019-05-01 12:43:32,998 [Worker-6] INFO  o.e.m.c.i.l.LifecycleMappingFactory - Using org.eclipse.m2e.jdt.JarLifecycleMapping lifecycle mapping for MavenProject: fr.esipe.pds.ehpaddecision:ehpaddecisionUmlandSQL:0.0.1-SNAPSHOT @ D:\Divers\PdsIng1\Ehpaddecision\ehpaddecisionUmlandSQL\pom.xml.
2019-05-01 12:43:34,087 [Worker-12] INFO  o.e.m.c.i.embedder.EclipseLogger - Using 'UTF-8' encoding to copy filtered resources.
2019-05-01 12:43:34,087 [Worker-12] INFO  o.e.m.c.i.embedder.EclipseLogger - skip non existing resourceDirectory D:\Divers\PdsIng1\Ehpaddecision\target\classes\src\main\resources
2019-05-01 12:43:34,089 [Worker-12] INFO  o.e.m.c.i.embedder.EclipseLogger - Using 'UTF-8' encoding to copy filtered resources.
2019-05-01 12:43:34,089 [Worker-12] INFO  o.e.m.c.i.embedder.EclipseLogger - skip non existing resourceDirectory D:\Divers\PdsIng1\Ehpaddecision\target\classes\src\test\resources
2019-05-01 12:43:34,167 [Worker-12] WARN  o.e.m.c.i.embedder.EclipseLogger - Using platform encoding (Cp1252 actually) to copy filtered resources, i.e. build is platform dependent!
2019-05-01 12:43:34,176 [Worker-12] INFO  o.e.m.c.i.embedder.EclipseLogger - Copying 0 resource
2019-05-01 12:43:34,178 [Worker-12] WARN  o.e.m.c.i.embedder.EclipseLogger - Using platform encoding (Cp1252 actually) to copy filtered resources, i.e. build is platform dependent!
2019-05-01 12:43:34,188 [Worker-12] INFO  o.e.m.c.i.embedder.EclipseLogger - Copying 0 resource
2019-05-01 12:43:34,247 [Worker-12] WARN  o.e.m.c.i.embedder.EclipseLogger - Using platform encoding (Cp1252 actually) to copy filtered resources, i.e. build is platform dependent!
2019-05-01 12:43:34,256 [Worker-12] INFO  o.e.m.c.i.embedder.EclipseLogger - Copying 0 resource
2019-05-01 12:43:34,258 [Worker-12] WARN  o.e.m.c.i.embedder.EclipseLogger - Using platform encoding (Cp1252 actually) to copy filtered resources, i.e. build is platform dependent!
2019-05-01 12:43:34,264 [Worker-12] INFO  o.e.m.c.i.embedder.EclipseLogger - Copying 0 resource
2019-05-01 12:43:34,312 [Worker-12] WARN  o.e.m.c.i.embedder.EclipseLogger - Using platform encoding (Cp1252 actually) to copy filtered resources, i.e. build is platform dependent!
2019-05-01 12:43:34,322 [Worker-12] INFO  o.e.m.c.i.embedder.EclipseLogger - Copying 0 resource
2019-05-01 12:43:34,323 [Worker-12] WARN  o.e.m.c.i.embedder.EclipseLogger - Using platform encoding (Cp1252 actually) to copy filtered resources, i.e. build is platform dependent!
2019-05-01 12:43:34,330 [Worker-12] INFO  o.e.m.c.i.embedder.EclipseLogger - Copying 0 resource
2019-05-01 12:45:05,559 [Worker-13] WARN  o.e.m.c.i.embedder.EclipseLogger - Using platform encoding (Cp1252 actually) to copy filtered resources, i.e. build is platform dependent!
2019-05-01 12:45:05,569 [Worker-13] INFO  o.e.m.c.i.embedder.EclipseLogger - Copying 0 resource
2019-05-01 12:45:05,570 [Worker-13] WARN  o.e.m.c.i.embedder.EclipseLogger - Using platform encoding (Cp1252 actually) to copy filtered resources, i.e. build is platform dependent!
2019-05-01 12:45:05,579 [Worker-13] INFO  o.e.m.c.i.embedder.EclipseLogger - Copying 0 resource
2019-05-01 12:45:19,549 [Worker-13] WARN  o.e.m.c.i.embedder.EclipseLogger - Using platform encoding (Cp1252 actually) to copy filtered resources, i.e. build is platform dependent!
2019-05-01 12:45:19,558 [Worker-13] INFO  o.e.m.c.i.embedder.EclipseLogger - Copying 0 resource
2019-05-01 12:45:19,560 [Worker-13] WARN  o.e.m.c.i.embedder.EclipseLogger - Using platform encoding (Cp1252 actually) to copy filtered resources, i.e. build is platform dependent!
2019-05-01 12:45:19,566 [Worker-13] INFO  o.e.m.c.i.embedder.EclipseLogger - Copying 0 resource
2019-05-01 12:54:19,917 [Worker-2] INFO  o.e.m.c.i.l.LifecycleMappingFactory - Using org.eclipse.m2e.jdt.JarLifecycleMapping lifecycle mapping for MavenProject: Pds2018-2019:EHPADDecision:0.0.1-SNAPSHOT @ D:\Divers\PdsIng1\Ehpaddecision\target\classes\pom.xml.
2019-05-01 12:54:20,938 [Worker-2] INFO  o.e.m.c.i.l.LifecycleMappingFactory - Using org.eclipse.m2e.jdt.JarLifecycleMapping lifecycle mapping for MavenProject: fr.esipe.pds.ehpaddecision:ehpaddecisionCl:0.0.1-SNAPSHOT @ D:\Divers\PdsIng1\Ehpaddecision\ehpaddecisionClientUI\pom.xml.
2019-05-01 12:54:21,881 [Worker-2] INFO  o.e.m.c.i.l.LifecycleMappingFactory - Using org.eclipse.m2e.jdt.JarLifecycleMapping lifecycle mapping for MavenProject: fr.esipe.pds.ehpaddecision:ehpaddecisionServ:0.0.1-SNAPSHOT @ D:\Divers\PdsIng1\Ehpaddecision\ehpaddecisionServ\pom.xml.
2019-05-01 12:54:22,678 [Worker-2] INFO  o.e.m.c.i.l.LifecycleMappingFactory - Using org.eclipse.m2e.jdt.JarLifecycleMapping lifecycle mapping for MavenProject: fr.esipe.pds.ehpaddecision:ehpaddecisionUmlandSQL:0.0.1-SNAPSHOT @ D:\Divers\PdsIng1\Ehpaddecision\ehpaddecisionUmlandSQL\pom.xml.
2019-05-01 12:54:26,057 [Worker-16] INFO  o.e.m.c.i.embedder.EclipseLogger - Using 'UTF-8' encoding to copy filtered resources.
2019-05-01 12:54:26,058 [Worker-16] INFO  o.e.m.c.i.embedder.EclipseLogger - skip non existing resourceDirectory D:\Divers\PdsIng1\Ehpaddecision\target\classes\src\main\resources
2019-05-01 12:54:26,063 [Worker-16] INFO  o.e.m.c.i.embedder.EclipseLogger - Using 'UTF-8' encoding to copy filtered resources.
2019-05-01 12:54:26,063 [Worker-16] INFO  o.e.m.c.i.embedder.EclipseLogger - skip non existing resourceDirectory D:\Divers\PdsIng1\Ehpaddecision\target\classes\src\test\resources
2019-05-01 12:54:27,227 [Worker-23] WARN  o.e.m.c.i.embedder.EclipseLogger - Using platform encoding (Cp1252 actually) to copy filtered resources, i.e. build is platform dependent!
2019-05-01 12:54:27,267 [Worker-23] INFO  o.e.m.c.i.embedder.EclipseLogger - Copying 1 resource
2019-05-01 12:54:27,283 [Worker-23] WARN  o.e.m.c.i.embedder.EclipseLogger - Using platform encoding (Cp1252 actually) to copy filtered resources, i.e. build is platform dependent!
2019-05-01 12:54:27,297 [Worker-23] INFO  o.e.m.c.i.embedder.EclipseLogger - Copying 1 resource
2019-05-01 12:54:27,440 [Worker-23] WARN  o.e.m.c.i.embedder.EclipseLogger - Using platform encoding (Cp1252 actually) to copy filtered resources, i.e. build is platform dependent!
2019-05-01 12:54:27,449 [Worker-23] INFO  o.e.m.c.i.embedder.EclipseLogger - Copying 4 resources
2019-05-01 12:54:27,451 [Worker-23] WARN  o.e.m.c.i.embedder.EclipseLogger - Using platform encoding (Cp1252 actually) to copy filtered resources, i.e. build is platform dependent!
2019-05-01 12:54:27,459 [Worker-23] INFO  o.e.m.c.i.embedder.EclipseLogger - Copying 0 resource
2019-05-01 12:54:28,034 [Worker-23] WARN  o.e.m.c.i.embedder.EclipseLogger - Using platform encoding (Cp1252 actually) to copy filtered resources, i.e. build is platform dependent!
2019-05-01 12:54:28,046 [Worker-23] INFO  o.e.m.c.i.embedder.EclipseLogger - Copying 2 resources
2019-05-01 12:54:28,057 [Worker-23] WARN  o.e.m.c.i.embedder.EclipseLogger - Using platform encoding (Cp1252 actually) to copy filtered resources, i.e. build is platform dependent!
2019-05-01 12:54:28,067 [Worker-23] INFO  o.e.m.c.i.embedder.EclipseLogger - Copying 0 resource
2019-05-01 13:16:37,189 [Worker-30] WARN  o.e.m.c.i.embedder.EclipseLogger - Using platform encoding (Cp1252 actually) to copy filtered resources, i.e. build is platform dependent!
2019-05-01 13:16:37,204 [Worker-30] INFO  o.e.m.c.i.embedder.EclipseLogger - Copying 1 resource
2019-05-01 13:16:37,210 [Worker-30] WARN  o.e.m.c.i.embedder.EclipseLogger - Using platform encoding (Cp1252 actually) to copy filtered resources, i.e. build is platform dependent!
2019-05-01 13:16:37,215 [Worker-30] INFO  o.e.m.c.i.embedder.EclipseLogger - Copying 1 resource
2019-05-01 13:16:37,745 [Worker-30] WARN  o.e.m.c.i.embedder.EclipseLogger - Using platform encoding (Cp1252 actually) to copy filtered resources, i.e. build is platform dependent!
2019-05-01 13:16:37,751 [Worker-30] INFO  o.e.m.c.i.embedder.EclipseLogger - Copying 2 resources
2019-05-01 13:16:37,757 [Worker-30] WARN  o.e.m.c.i.embedder.EclipseLogger - Using platform encoding (Cp1252 actually) to copy filtered resources, i.e. build is platform dependent!
2019-05-01 13:16:37,762 [Worker-30] INFO  o.e.m.c.i.embedder.EclipseLogger - Copying 0 resource
2019-05-01 13:32:11,271 [Worker-35] WARN  o.e.m.c.i.embedder.EclipseLogger - Using platform encoding (Cp1252 actually) to copy filtered resources, i.e. build is platform dependent!
2019-05-01 13:32:11,279 [Worker-35] INFO  o.e.m.c.i.embedder.EclipseLogger - Copying 0 resource
2019-05-01 13:32:11,280 [Worker-35] WARN  o.e.m.c.i.embedder.EclipseLogger - Using platform encoding (Cp1252 actually) to copy filtered resources, i.e. build is platform dependent!
2019-05-01 13:32:11,285 [Worker-35] INFO  o.e.m.c.i.embedder.EclipseLogger - Copying 0 resource
2019-05-01 13:40:59,110 [Worker-38] WARN  o.e.m.c.i.embedder.EclipseLogger - Using platform encoding (Cp1252 actually) to copy filtered resources, i.e. build is platform dependent!
2019-05-01 13:40:59,115 [Worker-38] INFO  o.e.m.c.i.embedder.EclipseLogger - Copying 0 resource
2019-05-01 13:40:59,116 [Worker-38] WARN  o.e.m.c.i.embedder.EclipseLogger - Using platform encoding (Cp1252 actually) to copy filtered resources, i.e. build is platform dependent!
2019-05-01 13:40:59,122 [Worker-38] INFO  o.e.m.c.i.embedder.EclipseLogger - Copying 0 resource
2019-05-01 13:43:26,937 [Worker-16] WARN  o.e.m.c.i.embedder.EclipseLogger - Using platform encoding (Cp1252 actually) to copy filtered resources, i.e. build is platform dependent!
2019-05-01 13:43:26,943 [Worker-16] INFO  o.e.m.c.i.embedder.EclipseLogger - Copying 0 resource
2019-05-01 13:43:26,943 [Worker-16] WARN  o.e.m.c.i.embedder.EclipseLogger - Using platform encoding (Cp1252 actually) to copy filtered resources, i.e. build is platform dependent!
2019-05-01 13:43:26,948 [Worker-16] INFO  o.e.m.c.i.embedder.EclipseLogger - Copying 0 resource
2019-05-01 14:01:50,338 [Worker-40] WARN  o.e.m.c.i.embedder.EclipseLogger - Using platform encoding (Cp1252 actually) to copy filtered resources, i.e. build is platform dependent!
2019-05-01 14:01:50,344 [Worker-40] INFO  o.e.m.c.i.embedder.EclipseLogger - Copying 0 resource
2019-05-01 14:01:50,346 [Worker-40] WARN  o.e.m.c.i.embedder.EclipseLogger - Using platform encoding (Cp1252 actually) to copy filtered resources, i.e. build is platform dependent!
2019-05-01 14:01:50,351 [Worker-40] INFO  o.e.m.c.i.embedder.EclipseLogger - Copying 0 resource
2019-05-01 14:03:09,071 [Worker-42] INFO  o.e.m.c.i.p.ProjectConfigurationManager - Update started
2019-05-01 14:03:09,727 [Worker-42] INFO  o.e.m.c.i.l.LifecycleMappingFactory - Using org.eclipse.m2e.jdt.JarLifecycleMapping lifecycle mapping for MavenProject: fr.esipe.pds.ehpaddecision:ehpaddecisionCl:0.0.1-SNAPSHOT @ D:\Divers\PdsIng1\Ehpaddecision\ehpaddecisionClientUI\pom.xml.
2019-05-01 14:03:10,652 [Worker-42] INFO  o.e.m.c.i.e.AbstractTransferListenerAdapter - Downloading https://repo.maven.apache.org/maven2/com/fasterxml/jackson/core/jackson-databind/maven-metadata.xml
2019-05-01 14:03:10,796 [Worker-42] INFO  o.e.m.c.i.e.AbstractTransferListenerAdapter - Downloaded https://repo.maven.apache.org/maven2/com/fasterxml/jackson/core/jackson-databind/maven-metadata.xml
2019-05-01 14:03:10,921 [Worker-42] INFO  o.e.m.c.i.l.LifecycleMappingFactory - Using org.eclipse.m2e.jdt.JarLifecycleMapping lifecycle mapping for MavenProject: fr.esipe.pds.ehpaddecision:ehpaddecisionServ:0.0.1-SNAPSHOT @ D:\Divers\PdsIng1\Ehpaddecision\ehpaddecisionServ\pom.xml.
2019-05-01 14:03:10,984 [Worker-42] INFO  o.e.m.c.i.l.LifecycleMappingFactory - Using org.eclipse.m2e.jdt.JarLifecycleMapping lifecycle mapping for MavenProject: fr.esipe.pds.ehpaddecision:ehpaddecisionUmlandSQL:0.0.1-SNAPSHOT @ D:\Divers\PdsIng1\Ehpaddecision\ehpaddecisionUmlandSQL\pom.xml.
2019-05-01 14:03:11,492 [Worker-42] INFO  o.e.m.j.i.AbstractJavaProjectConfigurator - Adding source folder /ehpaddecisionClientUI/src/main/java
2019-05-01 14:03:11,493 [Worker-42] INFO  o.e.m.j.i.AbstractJavaProjectConfigurator - Adding resource folder /ehpaddecisionClientUI/src/main/resources
2019-05-01 14:03:11,494 [Worker-42] INFO  o.e.m.j.i.AbstractJavaProjectConfigurator - Adding source folder /ehpaddecisionClientUI/src/test/java
2019-05-01 14:03:11,494 [Worker-42] INFO  o.e.m.j.i.AbstractJavaProjectConfigurator - Adding resource folder /ehpaddecisionClientUI/src/test/resources
2019-05-01 14:03:11,563 [Worker-42] INFO  o.e.m.j.i.AbstractJavaProjectConfigurator - Adding source folder /ehpaddecisionServ/src/main/java
2019-05-01 14:03:11,564 [Worker-42] INFO  o.e.m.j.i.AbstractJavaProjectConfigurator - Adding resource folder /ehpaddecisionServ/src/main/resources
2019-05-01 14:03:11,564 [Worker-42] INFO  o.e.m.j.i.AbstractJavaProjectConfigurator - Adding source folder /ehpaddecisionServ/src/test/java
2019-05-01 14:03:11,565 [Worker-42] INFO  o.e.m.j.i.AbstractJavaProjectConfigurator - Adding resource folder /ehpaddecisionServ/src/test/resources
2019-05-01 14:03:11,610 [Worker-42] INFO  o.e.m.j.i.AbstractJavaProjectConfigurator - Adding source folder /ehpaddecisionUmlandSQL/src/main/java
2019-05-01 14:03:11,610 [Worker-42] INFO  o.e.m.j.i.AbstractJavaProjectConfigurator - Adding resource folder /ehpaddecisionUmlandSQL/src/main/resources
2019-05-01 14:03:11,611 [Worker-42] INFO  o.e.m.j.i.AbstractJavaProjectConfigurator - Adding source folder /ehpaddecisionUmlandSQL/src/test/java
2019-05-01 14:03:11,611 [Worker-42] INFO  o.e.m.j.i.AbstractJavaProjectConfigurator - Adding resource folder /ehpaddecisionUmlandSQL/src/test/resources
2019-05-01 14:03:11,934 [Worker-42] INFO  o.e.m.c.i.p.ProjectConfigurationManager - Update completed: 2 sec
2019-05-01 14:03:12,125 [Worker-37] WARN  o.e.m.c.i.embedder.EclipseLogger - Using platform encoding (Cp1252 actually) to copy filtered resources, i.e. build is platform dependent!
2019-05-01 14:03:12,132 [Worker-37] INFO  o.e.m.c.i.embedder.EclipseLogger - Copying 1 resource
2019-05-01 14:03:12,159 [Worker-37] WARN  o.e.m.c.i.embedder.EclipseLogger - Using platform encoding (Cp1252 actually) to copy filtered resources, i.e. build is platform dependent!
2019-05-01 14:03:12,166 [Worker-37] INFO  o.e.m.c.i.embedder.EclipseLogger - Copying 1 resource
2019-05-01 14:03:12,540 [Worker-37] WARN  o.e.m.c.i.embedder.EclipseLogger - Using platform encoding (Cp1252 actually) to copy filtered resources, i.e. build is platform dependent!
2019-05-01 14:03:12,546 [Worker-37] INFO  o.e.m.c.i.embedder.EclipseLogger - Copying 4 resources
2019-05-01 14:03:12,564 [Worker-37] WARN  o.e.m.c.i.embedder.EclipseLogger - Using platform encoding (Cp1252 actually) to copy filtered resources, i.e. build is platform dependent!
2019-05-01 14:03:12,569 [Worker-37] INFO  o.e.m.c.i.embedder.EclipseLogger - Copying 0 resource
2019-05-01 14:03:12,705 [Worker-37] WARN  o.e.m.c.i.embedder.EclipseLogger - Using platform encoding (Cp1252 actually) to copy filtered resources, i.e. build is platform dependent!
2019-05-01 14:03:12,711 [Worker-37] INFO  o.e.m.c.i.embedder.EclipseLogger - Copying 2 resources
2019-05-01 14:03:12,714 [Worker-37] WARN  o.e.m.c.i.embedder.EclipseLogger - Using platform encoding (Cp1252 actually) to copy filtered resources, i.e. build is platform dependent!
2019-05-01 14:03:12,719 [Worker-37] INFO  o.e.m.c.i.embedder.EclipseLogger - Copying 0 resource
2019-05-01 14:10:39,256 [Worker-48] INFO  o.e.m.j.internal.DownloadSourcesJob - Downloaded sources for com.fasterxml.jackson.core:jackson-databind:2.9.8
2019-05-01 14:10:40,415 [Worker-48] INFO  o.e.m.c.i.e.AbstractTransferListenerAdapter - Downloading https://repo.maven.apache.org/maven2/com/fasterxml/jackson/core/jackson-annotations/2.9.0/jackson-annotations-2.9.0-sources.jar
2019-05-01 14:10:40,865 [Worker-48] INFO  o.e.m.c.i.e.AbstractTransferListenerAdapter - Downloaded https://repo.maven.apache.org/maven2/com/fasterxml/jackson/core/jackson-annotations/2.9.0/jackson-annotations-2.9.0-sources.jar
2019-05-01 14:10:41,173 [Worker-48] INFO  o.e.m.j.internal.DownloadSourcesJob - Downloaded sources for com.fasterxml.jackson.core:jackson-annotations:2.9.0
2019-05-01 14:10:41,327 [Worker-48] INFO  o.e.m.c.i.e.AbstractTransferListenerAdapter - Downloading https://repo.maven.apache.org/maven2/com/fasterxml/jackson/core/jackson-core/2.9.8/jackson-core-2.9.8-sources.jar
2019-05-01 14:10:43,016 [Worker-48] INFO  o.e.m.c.i.e.AbstractTransferListenerAdapter - Downloaded https://repo.maven.apache.org/maven2/com/fasterxml/jackson/core/jackson-core/2.9.8/jackson-core-2.9.8-sources.jar
2019-05-01 14:10:43,215 [Worker-48] INFO  o.e.m.j.internal.DownloadSourcesJob - Downloaded sources for com.fasterxml.jackson.core:jackson-core:2.9.8
2019-05-01 14:10:43,276 [Worker-48] INFO  o.e.m.c.i.e.AbstractTransferListenerAdapter - Downloading https://repo.maven.apache.org/maven2/junit/junit/4.12/junit-4.12-sources.jar
2019-05-01 14:10:44,414 [Worker-48] INFO  o.e.m.c.i.e.AbstractTransferListenerAdapter - Downloaded https://repo.maven.apache.org/maven2/junit/junit/4.12/junit-4.12-sources.jar
2019-05-01 14:10:44,756 [Worker-48] INFO  o.e.m.j.internal.DownloadSourcesJob - Downloaded sources for junit:junit:4.12
2019-05-01 14:10:44,851 [Worker-48] INFO  o.e.m.c.i.e.AbstractTransferListenerAdapter - Downloading https://repo.maven.apache.org/maven2/org/hamcrest/hamcrest-core/1.3/hamcrest-core-1.3-sources.jar
2019-05-01 14:10:45,225 [Worker-48] INFO  o.e.m.c.i.e.AbstractTransferListenerAdapter - Downloaded https://repo.maven.apache.org/maven2/org/hamcrest/hamcrest-core/1.3/hamcrest-core-1.3-sources.jar
2019-05-01 14:10:45,531 [Worker-48] INFO  o.e.m.j.internal.DownloadSourcesJob - Downloaded sources for org.hamcrest:hamcrest-core:1.3
2019-05-01 14:10:45,612 [Worker-48] INFO  o.e.m.c.i.e.AbstractTransferListenerAdapter - Downloading https://repo.maven.apache.org/maven2/org/apache/commons/commons-lang3/3.8.1/commons-lang3-3.8.1-sources.jar
2019-05-01 14:10:48,483 [Worker-48] INFO  o.e.m.c.i.e.AbstractTransferListenerAdapter - Downloaded https://repo.maven.apache.org/maven2/org/apache/commons/commons-lang3/3.8.1/commons-lang3-3.8.1-sources.jar
2019-05-01 14:10:48,667 [Worker-48] INFO  o.e.m.j.internal.DownloadSourcesJob - Downloaded sources for org.apache.commons:commons-lang3:3.8.1
2019-05-01 14:10:48,745 [Worker-48] INFO  o.e.m.c.i.e.AbstractTransferListenerAdapter - Downloading https://repo.maven.apache.org/maven2/org/slf4j/slf4j-api/1.7.5/slf4j-api-1.7.5-sources.jar
2019-05-01 14:10:49,153 [Worker-48] INFO  o.e.m.c.i.e.AbstractTransferListenerAdapter - Downloaded https://repo.maven.apache.org/maven2/org/slf4j/slf4j-api/1.7.5/slf4j-api-1.7.5-sources.jar
2019-05-01 14:10:49,333 [Worker-48] INFO  o.e.m.j.internal.DownloadSourcesJob - Downloaded sources for org.slf4j:slf4j-api:1.7.5
2019-05-01 14:10:49,455 [Worker-48] INFO  o.e.m.c.i.e.AbstractTransferListenerAdapter - Downloading https://repo.maven.apache.org/maven2/org/slf4j/slf4j-log4j12/1.7.5/slf4j-log4j12-1.7.5-sources.jar
2019-05-01 14:10:49,568 [Worker-48] INFO  o.e.m.c.i.e.AbstractTransferListenerAdapter - Downloaded https://repo.maven.apache.org/maven2/org/slf4j/slf4j-log4j12/1.7.5/slf4j-log4j12-1.7.5-sources.jar
2019-05-01 14:10:49,692 [Worker-48] INFO  o.e.m.j.internal.DownloadSourcesJob - Downloaded sources for org.slf4j:slf4j-log4j12:1.7.5
2019-05-01 14:10:49,826 [Worker-48] INFO  o.e.m.c.i.e.AbstractTransferListenerAdapter - Downloading https://repo.maven.apache.org/maven2/log4j/log4j/1.2.17/log4j-1.2.17-sources.jar
2019-05-01 14:10:54,400 [Worker-48] INFO  o.e.m.c.i.e.AbstractTransferListenerAdapter - Downloaded https://repo.maven.apache.org/maven2/log4j/log4j/1.2.17/log4j-1.2.17-sources.jar
2019-05-01 14:10:54,836 [Worker-48] INFO  o.e.m.j.internal.DownloadSourcesJob - Downloaded sources for log4j:log4j:1.2.17
2019-05-01 14:10:55,031 [Worker-37] WARN  o.e.m.c.i.embedder.EclipseLogger - Using platform encoding (Cp1252 actually) to copy filtered resources, i.e. build is platform dependent!
2019-05-01 14:10:55,039 [Worker-37] INFO  o.e.m.c.i.embedder.EclipseLogger - Copying 0 resource
2019-05-01 14:10:55,040 [Worker-37] WARN  o.e.m.c.i.embedder.EclipseLogger - Using platform encoding (Cp1252 actually) to copy filtered resources, i.e. build is platform dependent!
2019-05-01 14:10:55,046 [Worker-37] INFO  o.e.m.c.i.embedder.EclipseLogger - Copying 0 resource
